<?xml version="1.0" encoding="UTF-8"?>
<!-- Generated by org.testng.reporters.JUnitReportReporter -->
<testsuite skipped="4" hostname="UW-IN-LPT0077" name="test.java.uiAutomation.testcases.login2" tests="4" failures="0" timestamp="08 Aug 2021 06:42:30 GMT" time="0.001" errors="0">
  <testcase name="loginAsDistrictuser" time="0.000" classname="test.java.uiAutomation.testcases.login2">
    <skipped/>
  </testcase> <!-- loginAsDistrictuser -->
  <testcase name="loginAsDistrictuser" time="0.000" classname="test.java.uiAutomation.testcases.login2">
    <skipped/>
  </testcase> <!-- loginAsDistrictuser -->
  <testcase name="loginAsCampusUser" time="0.001" classname="test.java.uiAutomation.testcases.login2">
    <skipped/>
  </testcase> <!-- loginAsCampusUser -->
  <testcase name="loginAsCampusUser" time="0.000" classname="test.java.uiAutomation.testcases.login2">
    <skipped/>
  </testcase> <!-- loginAsCampusUser -->
</testsuite> <!-- test.java.uiAutomation.testcases.login2 -->
