<?xml version="1.0" encoding="UTF-8"?>
<!-- Generated by org.testng.reporters.JUnitReportReporter -->
<testsuite hostname="UW-IN-LPT0077" failures="0" tests="4" name="test.java.uiAutomation.testcases.Login" time="152.951" errors="0" timestamp="31 Jul 2021 09:07:33 GMT" skipped="0">
  <testcase classname="test.java.uiAutomation.testcases.Login" name="loginAsDistrictuser" time="64.268"/>
  <testcase classname="test.java.uiAutomation.testcases.Login" name="loginAsDistrictuser" time="88.183"/>
  <testcase classname="test.java.uiAutomation.testcases.Login" name="loginAsCampusUser" time="0.246"/>
  <testcase classname="test.java.uiAutomation.testcases.Login" name="loginAsCampusUser" time="0.254"/>
</testsuite> <!-- test.java.uiAutomation.testcases.Login -->
