<?xml version="1.0" encoding="UTF-8"?>
<!-- Generated by org.testng.reporters.JUnitReportReporter -->
<testsuite hostname="UW-IN-LPT0077" failures="0" tests="4" name="test.java.uiAutomation.testcases.login2" time="3.023" errors="0" timestamp="31 Jul 2021 09:07:33 GMT" skipped="0">
  <testcase classname="test.java.uiAutomation.testcases.login2" name="loginAsDistrictuser" time="0.970"/>
  <testcase classname="test.java.uiAutomation.testcases.login2" name="loginAsDistrictuser" time="1.613"/>
  <testcase classname="test.java.uiAutomation.testcases.login2" name="loginAsCampusUser" time="0.219"/>
  <testcase classname="test.java.uiAutomation.testcases.login2" name="loginAsCampusUser" time="0.221"/>
</testsuite> <!-- test.java.uiAutomation.testcases.login2 -->
